# JRE version: Java(TM) SE Runtime Environment (7.0_51-b13) (build 1.7.0_51-b13)
# Java VM: Java HotSpot(TM) 64-Bit Server VM (24.51-b03 mixed mode linux-amd64 compressed oops)
Heap
 PSYoungGen      total 23552K, used 12127K [0x00000000f5500000, 0x00000000f6d00000, 0x0000000100000000)
  eden space 22528K, 51% used [0x00000000f5500000,0x00000000f604b090,0x00000000f6b00000)
  from space 1024K, 55% used [0x00000000f6c00000,0x00000000f6c8ce60,0x00000000f6d00000)
  to   space 1024K, 0% used [0x00000000f6b00000,0x00000000f6b00000,0x00000000f6c00000)
 ParOldGen       total 83456K, used 25549K [0x00000000e0000000, 0x00000000e5180000, 0x00000000f5500000)
  object space 83456K, 30% used [0x00000000e0000000,0x00000000e18f3470,0x00000000e5180000)
 PSPermGen       total 33792K, used 33712K [0x00000000dae00000, 0x00000000dcf00000, 0x00000000e0000000)
  object space 33792K, 99% used [0x00000000dae00000,0x00000000dceec2e8,0x00000000dcf00000)
GC Heap History (10 events):
Event: 1948.847 GC heap before
{Heap before GC invocations=294 (full 0):
 PSYoungGen      total 23552K, used 22540K [0x00000000f5500000, 0x00000000f6d00000, 0x0000000100000000)
  eden space 22528K, 98% used [0x00000000f5500000,0x00000000f6abdf88,0x00000000f6b00000)
  from space 1024K, 26% used [0x00000000f6b00000,0x00000000f6b45128,0x00000000f6c00000)
  to   space 1024K, 0% used [0x00000000f6c00000,0x00000000f6c00000,0x00000000f6d00000)
 ParOldGen       total 83456K, used 25509K [0x00000000e0000000, 0x00000000e5180000, 0x00000000f5500000)
  object space 83456K, 30% used [0x00000000e0000000,0x00000000e18e9470,0x00000000e5180000)
 PSPermGen       total 33792K, used 33712K [0x00000000dae00000, 0x00000000dcf00000, 0x00000000e0000000)
  object space 33792K, 99% used [0x00000000dae00000,0x00000000dceec1a8,0x00000000dcf00000)
Event: 1948.849 GC heap after
Heap after GC invocations=294 (full 0):
 PSYoungGen      total 23552K, used 542K [0x00000000f5500000, 0x00000000f6d00000, 0x0000000100000000)
  eden space 22528K, 0% used [0x00000000f5500000,0x00000000f5500000,0x00000000f6b00000)
  from space 1024K, 52% used [0x00000000f6c00000,0x00000000f6c878f0,0x00000000f6d00000)
  to   space 1024K, 0% used [0x00000000f6b00000,0x00000000f6b00000,0x00000000f6c00000)
 ParOldGen       total 83456K, used 25517K [0x00000000e0000000, 0x00000000e5180000, 0x00000000f5500000)
  object space 83456K, 30% used [0x00000000e0000000,0x00000000e18eb470,0x00000000e5180000)
 PSPermGen       total 33792K, used 33712K [0x00000000dae00000, 0x00000000dcf00000, 0x00000000e0000000)
  object space 33792K, 99% used [0x00000000dae00000,0x00000000dceec1a8,0x00000000dcf00000)
}
Event: 1954.527 GC heap before
{Heap before GC invocations=295 (full 0):
 PSYoungGen      total 23552K, used 23059K [0x00000000f5500000, 0x00000000f6d00000, 0x0000000100000000)
  eden space 22528K, 99% used [0x00000000f5500000,0x00000000f6afd668,0x00000000f6b00000)
  from space 1024K, 52% used [0x00000000f6c00000,0x00000000f6c878f0,0x00000000f6d00000)
  to   space 1024K, 0% used [0x00000000f6b00000,0x00000000f6b00000,0x00000000f6c00000)
 ParOldGen       total 83456K, used 25517K [0x00000000e0000000, 0x00000000e5180000, 0x00000000f5500000)
  object space 83456K, 30% used [0x00000000e0000000,0x00000000e18eb470,0x00000000e5180000)
 PSPermGen       total 33792K, used 33712K [0x00000000dae00000, 0x00000000dcf00000, 0x00000000e0000000)
  object space 33792K, 99% used [0x00000000dae00000,0x00000000dceec1a8,0x00000000dcf00000)
Event: 1954.529 GC heap after
Heap after GC invocations=295 (full 0):
 PSYoungGen      total 23552K, used 556K [0x00000000f5500000, 0x00000000f6d00000, 0x0000000100000000)
  eden space 22528K, 0% used [0x00000000f5500000,0x00000000f5500000,0x00000000f6b00000)
  from space 1024K, 54% used [0x00000000f6b00000,0x00000000f6b8b380,0x00000000f6c00000)
  to   space 1024K, 0% used [0x00000000f6c00000,0x00000000f6c00000,0x00000000f6d00000)
 ParOldGen       total 83456K, used 25517K [0x00000000e0000000, 0x00000000e5180000, 0x00000000f5500000)
  object space 83456K, 30% used [0x00000000e0000000,0x00000000e18eb470,0x00000000e5180000)
 PSPermGen       total 33792K, used 33712K [0x00000000dae00000, 0x00000000dcf00000, 0x00000000e0000000)
  object space 33792K, 99% used [0x00000000dae00000,0x00000000dceec1a8,0x00000000dcf00000)
}
Event: 1960.826 GC heap before
{Heap before GC invocations=296 (full 0):
 PSYoungGen      total 23552K, used 23052K [0x00000000f5500000, 0x00000000f6d00000, 0x0000000100000000)
  eden space 22528K, 99% used [0x00000000f5500000,0x00000000f6af7ff0,0x00000000f6b00000)
  from space 1024K, 54% used [0x00000000f6b00000,0x00000000f6b8b380,0x00000000f6c00000)
  to   space 1024K, 0% used [0x00000000f6c00000,0x00000000f6c00000,0x00000000f6d00000)
 ParOldGen       total 83456K, used 25517K [0x00000000e0000000, 0x00000000e5180000, 0x00000000f5500000)
  object space 83456K, 30% used [0x00000000e0000000,0x00000000e18eb470,0x00000000e5180000)
 PSPermGen       total 33792K, used 33712K [0x00000000dae00000, 0x00000000dcf00000, 0x00000000e0000000)
  object space 33792K, 99% used [0x00000000dae00000,0x00000000dceec1a8,0x00000000dcf00000)
Event: 1960.828 GC heap after
Heap after GC invocations=296 (full 0):
 PSYoungGen      total 23552K, used 366K [0x00000000f5500000, 0x00000000f6d00000, 0x0000000100000000)
  eden space 22528K, 0% used [0x00000000f5500000,0x00000000f5500000,0x00000000f6b00000)
  from space 1024K, 35% used [0x00000000f6c00000,0x00000000f6c5b8e0,0x00000000f6d00000)
  to   space 1024K, 0% used [0x00000000f6b00000,0x00000000f6b00000,0x00000000f6c00000)
 ParOldGen       total 83456K, used 25525K [0x00000000e0000000, 0x00000000e5180000, 0x00000000f5500000)
  object space 83456K, 30% used [0x00000000e0000000,0x00000000e18ed470,0x00000000e5180000)
 PSPermGen       total 33792K, used 33712K [0x00000000dae00000, 0x00000000dcf00000, 0x00000000e0000000)
  object space 33792K, 99% used [0x00000000dae00000,0x00000000dceec1a8,0x00000000dcf00000)
}
Event: 1967.390 GC heap before
{Heap before GC invocations=297 (full 0):
 PSYoungGen      total 23552K, used 22770K [0x00000000f5500000, 0x00000000f6d00000, 0x0000000100000000)
  eden space 22528K, 99% used [0x00000000f5500000,0x00000000f6ae0f58,0x00000000f6b00000)
  from space 1024K, 35% used [0x00000000f6c00000,0x00000000f6c5b8e0,0x00000000f6d00000)
  to   space 1024K, 0% used [0x00000000f6b00000,0x00000000f6b00000,0x00000000f6c00000)
 ParOldGen       total 83456K, used 25525K [0x00000000e0000000, 0x00000000e5180000, 0x00000000f5500000)
  object space 83456K, 30% used [0x00000000e0000000,0x00000000e18ed470,0x00000000e5180000)
 PSPermGen       total 33792K, used 33712K [0x00000000dae00000, 0x00000000dcf00000, 0x00000000e0000000)
  object space 33792K, 99% used [0x00000000dae00000,0x00000000dceec1a8,0x00000000dcf00000)
Event: 1967.392 GC heap after
Heap after GC invocations=297 (full 0):
 PSYoungGen      total 23552K, used 371K [0x00000000f5500000, 0x00000000f6d00000, 0x0000000100000000)
  eden space 22528K, 0% used [0x00000000f5500000,0x00000000f5500000,0x00000000f6b00000)
  from space 1024K, 36% used [0x00000000f6b00000,0x00000000f6b5cd00,0x00000000f6c00000)
  to   space 1024K, 0% used [0x00000000f6c00000,0x00000000f6c00000,0x00000000f6d00000)
 ParOldGen       total 83456K, used 25541K [0x00000000e0000000, 0x00000000e5180000, 0x00000000f5500000)
  object space 83456K, 30% used [0x00000000e0000000,0x00000000e18f1470,0x00000000e5180000)
 PSPermGen       total 33792K, used 33712K [0x00000000dae00000, 0x00000000dcf00000, 0x00000000e0000000)
  object space 33792K, 99% used [0x00000000dae00000,0x00000000dceec1a8,0x00000000dcf00000)
}
Event: 1973.625 GC heap before
{Heap before GC invocations=298 (full 0):
 PSYoungGen      total 23552K, used 22763K [0x00000000f5500000, 0x00000000f6d00000, 0x0000000100000000)
  eden space 22528K, 99% used [0x00000000f5500000,0x00000000f6addf08,0x00000000f6b00000)
  from space 1024K, 36% used [0x00000000f6b00000,0x00000000f6b5cd00,0x00000000f6c00000)
  to   space 1024K, 0% used [0x00000000f6c00000,0x00000000f6c00000,0x00000000f6d00000)
 ParOldGen       total 83456K, used 25541K [0x00000000e0000000, 0x00000000e5180000, 0x00000000f5500000)
  object space 83456K, 30% used [0x00000000e0000000,0x00000000e18f1470,0x00000000e5180000)
 PSPermGen       total 33792K, used 33712K [0x00000000dae00000, 0x00000000dcf00000, 0x00000000e0000000)
  object space 33792K, 99% used [0x00000000dae00000,0x00000000dceec1a8,0x00000000dcf00000)
Event: 1973.626 GC heap after
Heap after GC invocations=298 (full 0):
 PSYoungGen      total 23552K, used 563K [0x00000000f5500000, 0x00000000f6d00000, 0x0000000100000000)
  eden space 22528K, 0% used [0x00000000f5500000,0x00000000f5500000,0x00000000f6b00000)
  from space 1024K, 55% used [0x00000000f6c00000,0x00000000f6c8ce60,0x00000000f6d00000)
  to   space 1024K, 0% used [0x00000000f6b00000,0x00000000f6b00000,0x00000000f6c00000)
 ParOldGen       total 83456K, used 25549K [0x00000000e0000000, 0x00000000e5180000, 0x00000000f5500000)
  object space 83456K, 30% used [0x00000000e0000000,0x00000000e18f3470,0x00000000e5180000)
 PSPermGen       total 33792K, used 33712K [0x00000000dae00000, 0x00000000dcf00000, 0x00000000e0000000)
  object space 33792K, 99% used [0x00000000dae00000,0x00000000dceec1a8,0x00000000dcf00000)
}

